<?xml version="1.0" encoding="UTF-8"?>
<testsuite xmlns:xsi="http://www.w3.org/2001/XMLSchema-instance" xsi:noNamespaceSchemaLocation="https://maven.apache.org/surefire/maven-surefire-plugin/xsd/surefire-test-report-3.0.xsd" version="3.0" name="com.cgvsu.math.BasicTest" time="0.182" tests="20" errors="0" skipped="0" failures="0">
  <properties>
[...]
</properties>
  <testcase name="matrix4x4Operations" classname="com.cgvsu.math.BasicTest" time="0.06"/>
  <testcase name="matrix3x3Multiplication" classname="com.cgvsu.math.BasicTest" time="0.004"/>
  <testcase name="matrix3x3VectorMultiplication" classname="com.cgvsu.math.BasicTest" time="0.005"/>
  <testcase name="vector3fOrthogonality" classname="com.cgvsu.math.BasicTest" time="0.001"/>
  <testcase name="matrix3x3Transpose" classname="com.cgvsu.math.BasicTest" time="0.002"/>
  <testcase name="divisionByZeroThrows" classname="com.cgvsu.math.BasicTest" time="0.005"/>
  <testcase name="vector3fOperations" classname="com.cgvsu.math.BasicTest" time="0.003"/>
  <testcase name="vector4fOperations" classname="com.cgvsu.math.BasicTest" time="0.003"/>
  <testcase name="vector2fDotProduct" classname="com.cgvsu.math.BasicTest" time="0.002"/>
  <testcase name="matrix3x3Determinant" classname="com.cgvsu.math.BasicTest" time="0.002"/>
  <testcase name="invalidMatrixIndicesThrow" classname="com.cgvsu.math.BasicTest" time="0.002"/>
  <testcase name="vector2fSubtraction" classname="com.cgvsu.math.BasicTest" time="0.001"/>
  <testcase name="matrix4x4VectorMultiplication" classname="com.cgvsu.math.BasicTest" time="0.001"/>
  <testcase name="matrix3x3Addition" classname="com.cgvsu.math.BasicTest" time="0.001"/>
  <testcase name="vector2fAddition" classname="com.cgvsu.math.BasicTest" time="0.003"/>
  <testcase name="vector2fNormalize" classname="com.cgvsu.math.BasicTest" time="0.001"/>
  <testcase name="vector3fCrossProduct" classname="com.cgvsu.math.BasicTest" time="0.002"/>
  <testcase name="matrix3x3Identity" classname="com.cgvsu.math.BasicTest" time="0.001"/>
  <testcase name="zeroVectorNormalizeThrows" classname="com.cgvsu.math.BasicTest" time="0.002"/>
  <testcase name="vector2fLength" classname="com.cgvsu.math.BasicTest" time="0.002"/>
</testsuite>